<?xml version="1.0" encoding="UTF-8"?>
<testsuite xmlns:xsi="http://www.w3.org/2001/XMLSchema-instance" xsi:noNamespaceSchemaLocation="https://maven.apache.org/surefire/maven-surefire-plugin/xsd/surefire-test-report-3.0.xsd" version="3.0" name="com.example.LineMessagingNotifierTest" time="1.652" tests="9" errors="0" skipped="0" failures="0">
  <properties>
[...]
</properties>
  <testcase name="testLongMessageSend" classname="com.example.LineMessagingNotifierTest" time="0.761">
    <system-err><![CDATA[[main] ERROR com.example.LineMessagingNotifier - LINE Messaging API通知の送信に失敗: HTTP 401
[main] ERROR com.example.LineMessagingNotifier - エラー詳細: {"message":"Authentication failed. Confirm that the access token in the authorization header is valid."}
]]></system-err>
  </testcase>
  <testcase name="testJsonEscapeFunctionality" classname="com.example.LineMessagingNotifierTest" time="0.136">
    <system-err><![CDATA[[main] ERROR com.example.LineMessagingNotifier - LINE Messaging API通知の送信に失敗: HTTP 401
[main] ERROR com.example.LineMessagingNotifier - エラー詳細: {"message":"Authentication failed. Confirm that the access token in the authorization header is valid."}
]]></system-err>
  </testcase>
  <testcase name="testBehaviorWithoutEnvironmentVariable" classname="com.example.LineMessagingNotifierTest" time="0.121">
    <system-err><![CDATA[[main] ERROR com.example.LineMessagingNotifier - LINE Messaging API通知の送信に失敗: HTTP 401
[main] ERROR com.example.LineMessagingNotifier - エラー詳細: {"message":"Authentication failed. Confirm that the access token in the authorization header is valid."}
]]></system-err>
  </testcase>
  <testcase name="testInvalidTokenMessageSend" classname="com.example.LineMessagingNotifierTest" time="0.126">
    <system-err><![CDATA[[main] ERROR com.example.LineMessagingNotifier - LINE Messaging API通知の送信に失敗: HTTP 401
[main] ERROR com.example.LineMessagingNotifier - エラー詳細: {"message":"Authentication failed. Confirm that the access token in the authorization header is valid."}
]]></system-err>
  </testcase>
  <testcase name="testEmptyMessageSend" classname="com.example.LineMessagingNotifierTest" time="0.127">
    <system-err><![CDATA[[main] ERROR com.example.LineMessagingNotifier - LINE Messaging API通知の送信に失敗: HTTP 401
[main] ERROR com.example.LineMessagingNotifier - エラー詳細: {"message":"Authentication failed. Confirm that the access token in the authorization header is valid."}
]]></system-err>
  </testcase>
  <testcase name="testContributionNotificationMessageBuilding" classname="com.example.LineMessagingNotifierTest" time="0.198">
    <system-err><![CDATA[[main] ERROR com.example.LineMessagingNotifier - LINE Messaging API通知の送信に失敗: HTTP 401
[main] ERROR com.example.LineMessagingNotifier - エラー詳細: {"message":"Authentication failed. Confirm that the access token in the authorization header is valid."}
[main] ERROR com.example.LineMessagingNotifier - LINE Messaging API通知の送信に失敗: HTTP 401
[main] ERROR com.example.LineMessagingNotifier - エラー詳細: {"message":"Authentication failed. Confirm that the access token in the authorization header is valid."}
]]></system-err>
  </testcase>
  <testcase name="testInitialization" classname="com.example.LineMessagingNotifierTest" time="0.003"/>
  <testcase name="testContributionInfoClass" classname="com.example.LineMessagingNotifierTest" time="0.002"/>
  <testcase name="testLineMessagingNotifierBasicFunctionality" classname="com.example.LineMessagingNotifierTest" time="0.129">
    <system-err><![CDATA[[main] ERROR com.example.LineMessagingNotifier - LINE Messaging API通知の送信に失敗: HTTP 401
[main] ERROR com.example.LineMessagingNotifier - エラー詳細: {"message":"Authentication failed. Confirm that the access token in the authorization header is valid."}
]]></system-err>
  </testcase>
</testsuite>